<?xml version="1.0" encoding="UTF-8"?>
<!-- Generated by org.testng.reporters.JUnitXMLReporter -->
<testsuite hostname="DESKTOP-K5LD16K" ignored="2" name="Test" tests="5" failures="1" timestamp="2020-04-21T10:15:24 IST" time="19.0" errors="0">
  <testcase name="seleniumScreenShot" time="0.147" classname="com.sample.selenium4.NewSeleniumFeatures1">
    <failure type="org.openqa.selenium.NoSuchElementException" message="no such element: Unable to locate element: {&amp;quot;method&amp;quot;:&amp;quot;xpath&amp;quot;,&amp;quot;selector&amp;quot;:&amp;quot;//body[@id=&amp;apos;gsr&amp;apos;]/div[@id=&amp;apos;viewport&amp;apos;]/div[@id=&amp;apos;main&amp;apos;]/span[@id=&amp;apos;body&amp;apos;]/center/div[@id=&amp;apos;lga&amp;apos;]/div[@id=&amp;apos;hplogo&amp;apos;]/a/img[1]&amp;quot;}
  (Session info: chrome=81.0.4044.113)
For documentation on this error, please visit: https://selenium.dev/exceptions/#no_such_element
Build info: version: &amp;apos;4.0.0-alpha-5&amp;apos;, revision: &amp;apos;b3a0d621cc&amp;apos;
System info: host: &amp;apos;DESKTOP-K5LD16K&amp;apos;, ip: &amp;apos;192.168.2.7&amp;apos;, os.name: &amp;apos;Windows 10&amp;apos;, os.arch: &amp;apos;amd64&amp;apos;, os.version: &amp;apos;10.0&amp;apos;, java.version: &amp;apos;1.8.0_241&amp;apos;
Driver info: org.openqa.selenium.chrome.ChromeDriver
Capabilities {acceptInsecureCerts: false, browserName: chrome, browserVersion: 81.0.4044.113, chrome: {chromedriverVersion: 81.0.4044.69 (6813546031a4b..., userDataDir: C:\Users\Varsha\AppData\Loc...}, goog:chromeOptions: {debuggerAddress: localhost:50660}, javascriptEnabled: true, networkConnectionEnabled: false, pageLoadStrategy: normal, platform: WINDOWS, platformName: WINDOWS, proxy: Proxy(), setWindowRect: true, strictFileInteractability: false, timeouts: {implicit: 0, pageLoad: 300000, script: 30000}, unhandledPromptBehavior: dismiss and notify, webauthn:virtualAuthenticators: true}
Session ID: e40c959d63b717d79e9e7a1f8056f1f5
*** Element info: {Using=xpath, value=//body[@id=&amp;apos;gsr&amp;apos;]/div[@id=&amp;apos;viewport&amp;apos;]/div[@id=&amp;apos;main&amp;apos;]/span[@id=&amp;apos;body&amp;apos;]/center/div[@id=&amp;apos;lga&amp;apos;]/div[@id=&amp;apos;hplogo&amp;apos;]/a/img[1]}">
      <![CDATA[org.openqa.selenium.NoSuchElementException: no such element: Unable to locate element: {"method":"xpath","selector":"//body[@id='gsr']/div[@id='viewport']/div[@id='main']/span[@id='body']/center/div[@id='lga']/div[@id='hplogo']/a/img[1]"}
  (Session info: chrome=81.0.4044.113)
For documentation on this error, please visit: https://selenium.dev/exceptions/#no_such_element
Build info: version: '4.0.0-alpha-5', revision: 'b3a0d621cc'
System info: host: 'DESKTOP-K5LD16K', ip: '192.168.2.7', os.name: 'Windows 10', os.arch: 'amd64', os.version: '10.0', java.version: '1.8.0_241'
Driver info: org.openqa.selenium.chrome.ChromeDriver
Capabilities {acceptInsecureCerts: false, browserName: chrome, browserVersion: 81.0.4044.113, chrome: {chromedriverVersion: 81.0.4044.69 (6813546031a4b..., userDataDir: C:\Users\Varsha\AppData\Loc...}, goog:chromeOptions: {debuggerAddress: localhost:50660}, javascriptEnabled: true, networkConnectionEnabled: false, pageLoadStrategy: normal, platform: WINDOWS, platformName: WINDOWS, proxy: Proxy(), setWindowRect: true, strictFileInteractability: false, timeouts: {implicit: 0, pageLoad: 300000, script: 30000}, unhandledPromptBehavior: dismiss and notify, webauthn:virtualAuthenticators: true}
Session ID: e40c959d63b717d79e9e7a1f8056f1f5
*** Element info: {Using=xpath, value=//body[@id='gsr']/div[@id='viewport']/div[@id='main']/span[@id='body']/center/div[@id='lga']/div[@id='hplogo']/a/img[1]}
at org.openqa.selenium.remote.codec.w3c.W3CHttpResponseCodec.createException(W3CHttpResponseCodec.java:196)
at org.openqa.selenium.remote.codec.w3c.W3CHttpResponseCodec.decode(W3CHttpResponseCodec.java:129)
at org.openqa.selenium.remote.codec.w3c.W3CHttpResponseCodec.decode(W3CHttpResponseCodec.java:53)
at org.openqa.selenium.remote.HttpCommandExecutor.execute(HttpCommandExecutor.java:161)
at org.openqa.selenium.remote.service.DriverCommandExecutor.execute(DriverCommandExecutor.java:83)
at org.openqa.selenium.remote.RemoteWebDriver.execute(RemoteWebDriver.java:582)
at org.openqa.selenium.remote.RemoteWebDriver.findElement(RemoteWebDriver.java:333)
at org.openqa.selenium.remote.RemoteWebDriver.findElementByXPath(RemoteWebDriver.java:451)
at org.openqa.selenium.By$ByXPath.findElement(By.java:394)
at org.openqa.selenium.remote.RemoteWebDriver.findElement(RemoteWebDriver.java:325)
at com.sample.selenium4.NewSeleniumFeatures1.seleniumScreenShot(NewSeleniumFeatures1.java:20)
at java.util.ArrayList.forEach(ArrayList.java:1257)
... Removed 31 stack frames]]>
    </failure>
  </testcase> <!-- seleniumScreenShot -->
  <testcase name="newTab" time="4.742" classname="com.sample.selenium4.NewSeleniumFeatures1"/>
  <testcase name="newWindow" time="9.55" classname="com.sample.selenium4.NewSeleniumFeatures1"/>
  <testcase name="locationOfElement" time="2.493" classname="com.sample.selenium4.NewSeleniumFeatures1"/>
  <testcase name="relativeLocators" time="2.006" classname="com.sample.selenium4.NewSeleniumFeatures2"/>
  <testcase name="@BeforeSuite setup" time="0.0" classname="com.sample.base.Base">
    <ignored/>
  </testcase> <!-- @BeforeSuite setup -->
  <testcase name="@AfterSuite tearDown" time="0.0" classname="com.sample.base.Base">
    <ignored/>
  </testcase> <!-- @AfterSuite tearDown -->
</testsuite> <!-- Test -->
